<?xml version="1.0" encoding="UTF-8"?>
<!-- Generated by org.testng.reporters.JUnitXMLReporter -->
<testsuite ignored="0" hostname="rahul" failures="0" tests="2" name="Default test" time="8.024" errors="0" timestamp="2023-07-20T18:40:01 IST">
  <testcase classname="basetestng5.PageObject4" name="@BeforeMethod StartApp" time="5.383">
    <failure type="org.openqa.selenium.SessionNotCreatedException" message="session not created: This version of ChromeDriver only supports Chrome version 111
Current browser version is 114.0.5735.199 with binary path C:\Program Files\Google\Chrome\Application\chrome.exe
Build info: version: &amp;apos;4.0.0-alpha-6&amp;apos;, revision: &amp;apos;5f43a29cfc&amp;apos;
System info: host: &amp;apos;RAHUL&amp;apos;, ip: &amp;apos;192.168.33.124&amp;apos;, os.name: &amp;apos;Windows 11&amp;apos;, os.arch: &amp;apos;amd64&amp;apos;, os.version: &amp;apos;10.0&amp;apos;, java.version: &amp;apos;17.0.6&amp;apos;
Driver info: driver.version: ChromeDriver
remote stacktrace: Backtrace:
	(No symbol) [0x003CDCE3]
	(No symbol) [0x003639D1]
	(No symbol) [0x00274DA8]
	(No symbol) [0x00294F6C]
	(No symbol) [0x00290D11]
	(No symbol) [0x0028ED19]
	(No symbol) [0x002C15AE]
	(No symbol) [0x002C129C]
	(No symbol) [0x002BACC6]
	(No symbol) [0x00296F68]
	(No symbol) [0x002980CD]
	GetHandleVerifier [0x00643832+2506274]
	GetHandleVerifier [0x00679794+2727300]
	GetHandleVerifier [0x0067E36C+2746716]
	GetHandleVerifier [0x00476690+617600]
	(No symbol) [0x0036C712]
	(No symbol) [0x00371FF8]
	(No symbol) [0x003720DB]
	(No symbol) [0x0037C63B]
	BaseThreadInitThunk [0x76977D49+25]
	RtlInitializeExceptionChain [0x770CB74B+107]
	RtlClearBits [0x770CB6CF+191]
">
      <![CDATA[org.openqa.selenium.SessionNotCreatedException: session not created: This version of ChromeDriver only supports Chrome version 111
Current browser version is 114.0.5735.199 with binary path C:\Program Files\Google\Chrome\Application\chrome.exe
Build info: version: '4.0.0-alpha-6', revision: '5f43a29cfc'
System info: host: 'RAHUL', ip: '192.168.33.124', os.name: 'Windows 11', os.arch: 'amd64', os.version: '10.0', java.version: '17.0.6'
Driver info: driver.version: ChromeDriver
remote stacktrace: Backtrace:
(No symbol) [0x003CDCE3]
(No symbol) [0x003639D1]
(No symbol) [0x00274DA8]
(No symbol) [0x00294F6C]
(No symbol) [0x00290D11]
(No symbol) [0x0028ED19]
(No symbol) [0x002C15AE]
(No symbol) [0x002C129C]
(No symbol) [0x002BACC6]
(No symbol) [0x00296F68]
(No symbol) [0x002980CD]
GetHandleVerifier [0x00643832+2506274]
GetHandleVerifier [0x00679794+2727300]
GetHandleVerifier [0x0067E36C+2746716]
GetHandleVerifier [0x00476690+617600]
(No symbol) [0x0036C712]
(No symbol) [0x00371FF8]
(No symbol) [0x003720DB]
(No symbol) [0x0037C63B]
BaseThreadInitThunk [0x76977D49+25]
RtlInitializeExceptionChain [0x770CB74B+107]
RtlClearBits [0x770CB6CF+191]

at java.base/jdk.internal.reflect.NativeConstructorAccessorImpl.newInstance0(Native Method)
at java.base/jdk.internal.reflect.NativeConstructorAccessorImpl.newInstance(NativeConstructorAccessorImpl.java:77)
at java.base/jdk.internal.reflect.DelegatingConstructorAccessorImpl.newInstance(DelegatingConstructorAccessorImpl.java:45)
at java.base/java.lang.reflect.Constructor.newInstanceWithCaller(Constructor.java:499)
at java.base/java.lang.reflect.Constructor.newInstance(Constructor.java:480)
at org.openqa.selenium.remote.W3CHandshakeResponse.lambda$errorHandler$0(W3CHandshakeResponse.java:62)
at org.openqa.selenium.remote.HandshakeResponse.lambda$getResponseFunction$0(HandshakeResponse.java:30)
at org.openqa.selenium.remote.ProtocolHandshake.lambda$createSession$1(ProtocolHandshake.java:126)
at java.base/java.util.stream.ReferencePipeline$3$1.accept(ReferencePipeline.java:197)
at java.base/java.util.Spliterators$ArraySpliterator.tryAdvance(Spliterators.java:1002)
at java.base/java.util.stream.ReferencePipeline.forEachWithCancel(ReferencePipeline.java:129)
at java.base/java.util.stream.AbstractPipeline.copyIntoWithCancel(AbstractPipeline.java:527)
at java.base/java.util.stream.AbstractPipeline.copyInto(AbstractPipeline.java:513)
at java.base/java.util.stream.AbstractPipeline.wrapAndCopyInto(AbstractPipeline.java:499)
at java.base/java.util.stream.FindOps$FindOp.evaluateSequential(FindOps.java:150)
at java.base/java.util.stream.AbstractPipeline.evaluate(AbstractPipeline.java:234)
at java.base/java.util.stream.ReferencePipeline.findFirst(ReferencePipeline.java:647)
at org.openqa.selenium.remote.ProtocolHandshake.createSession(ProtocolHandshake.java:128)
at org.openqa.selenium.remote.ProtocolHandshake.createSession(ProtocolHandshake.java:75)
at org.openqa.selenium.remote.HttpCommandExecutor.execute(HttpCommandExecutor.java:138)
at org.openqa.selenium.remote.service.DriverCommandExecutor.execute(DriverCommandExecutor.java:83)
at org.openqa.selenium.remote.RemoteWebDriver.execute(RemoteWebDriver.java:582)
at org.openqa.selenium.remote.RemoteWebDriver.startSession(RemoteWebDriver.java:216)
at org.openqa.selenium.remote.RemoteWebDriver.<init>(RemoteWebDriver.java:136)
at org.openqa.selenium.chromium.ChromiumDriver.<init>(ChromiumDriver.java:75)
at org.openqa.selenium.chrome.ChromeDriver.<init>(ChromeDriver.java:163)
at org.openqa.selenium.chrome.ChromeDriver.<init>(ChromeDriver.java:150)
at org.openqa.selenium.chrome.ChromeDriver.<init>(ChromeDriver.java:105)
at basetestng5.PageObject4.StartApp(PageObject4.java:18)
at java.base/jdk.internal.reflect.NativeMethodAccessorImpl.invoke0(Native Method)
at java.base/jdk.internal.reflect.NativeMethodAccessorImpl.invoke(NativeMethodAccessorImpl.java:77)
at java.base/jdk.internal.reflect.DelegatingMethodAccessorImpl.invoke(DelegatingMethodAccessorImpl.java:43)
at java.base/java.lang.reflect.Method.invoke(Method.java:568)
at org.testng.internal.MethodInvocationHelper.invokeMethod(MethodInvocationHelper.java:133)
at org.testng.internal.MethodInvocationHelper.invokeMethodConsideringTimeout(MethodInvocationHelper.java:62)
at org.testng.internal.ConfigInvoker.invokeConfigurationMethod(ConfigInvoker.java:385)
at org.testng.internal.ConfigInvoker.invokeConfigurations(ConfigInvoker.java:321)
at org.testng.internal.TestInvoker.runConfigMethods(TestInvoker.java:700)
at org.testng.internal.TestInvoker.invokeMethod(TestInvoker.java:527)
at org.testng.internal.TestInvoker.invokeTestMethod(TestInvoker.java:173)
at org.testng.internal.MethodRunner.runInSequence(MethodRunner.java:46)
at org.testng.internal.TestInvoker$MethodInvocationAgent.invoke(TestInvoker.java:824)
at org.testng.internal.TestInvoker.invokeTestMethods(TestInvoker.java:146)
at org.testng.internal.TestMethodWorker.invokeTestMethods(TestMethodWorker.java:146)
at org.testng.internal.TestMethodWorker.run(TestMethodWorker.java:128)
at java.base/java.util.ArrayList.forEach(ArrayList.java:1511)
at org.testng.TestRunner.privateRun(TestRunner.java:794)
at org.testng.TestRunner.run(TestRunner.java:596)
at org.testng.SuiteRunner.runTest(SuiteRunner.java:377)
at org.testng.SuiteRunner.runSequentially(SuiteRunner.java:371)
at org.testng.SuiteRunner.privateRun(SuiteRunner.java:332)
at org.testng.SuiteRunner.run(SuiteRunner.java:276)
at org.testng.SuiteRunnerWorker.runSuite(SuiteRunnerWorker.java:53)
at org.testng.SuiteRunnerWorker.run(SuiteRunnerWorker.java:96)
at org.testng.TestNG.runSuitesSequentially(TestNG.java:1212)
at org.testng.TestNG.runSuitesLocally(TestNG.java:1134)
at org.testng.TestNG.runSuites(TestNG.java:1063)
at org.testng.TestNG.run(TestNG.java:1031)
at org.testng.remote.AbstractRemoteTestNG.run(AbstractRemoteTestNG.java:115)
at org.testng.remote.RemoteTestNG.initAndRun(RemoteTestNG.java:251)
at org.testng.remote.RemoteTestNG.main(RemoteTestNG.java:77)
]]>
    </failure>
  </testcase> <!-- @BeforeMethod StartApp -->
  <testcase classname="basetestng5.PageObject4" name="@AfterMethod CloseApp" time="-1.689858601274E9">
    <skipped/>
  </testcase> <!-- @AfterMethod CloseApp -->
  <testcase classname="basetestng5.PageObject4" name="@BeforeMethod StartApp" time="-1.689858601276E9">
    <skipped/>
  </testcase> <!-- @BeforeMethod StartApp -->
  <testcase classname="basetestng5.PageObject4" name="@AfterMethod CloseApp" time="-1.689858601288E9">
    <skipped/>
  </testcase> <!-- @AfterMethod CloseApp -->
  <testcase classname="testcases.TestCase_01" name="FirstTestCase" time="0.0">
    <skipped/>
  </testcase> <!-- FirstTestCase -->
  <testcase classname="testcases.TestCase_01" name="FirstTestCase" time="0.001">
    <skipped/>
  </testcase> <!-- FirstTestCase -->
</testsuite> <!-- Default test -->
