<?xml version="1.0" encoding="UTF-8"?>
<!-- Generated by org.testng.reporters.JUnitXMLReporter -->
<testsuite ignored="0" hostname="rahul" failures="4" tests="6" name="Test" time="5.634" errors="0" timestamp="2023-05-15T20:50:44 IST">
  <testcase classname="testng4.GroupintestNG2a" name="openWebTables" time="2.731">
    <failure type="org.openqa.selenium.SessionNotCreatedException" message="session not created: This version of ChromeDriver only supports Chrome version 111
Current browser version is 113.0.5672.93 with binary path C:\Program Files\Google\Chrome\Application\chrome.exe
Build info: version: &amp;apos;4.0.0-alpha-6&amp;apos;, revision: &amp;apos;5f43a29cfc&amp;apos;
System info: host: &amp;apos;RAHUL&amp;apos;, ip: &amp;apos;192.168.112.124&amp;apos;, os.name: &amp;apos;Windows 11&amp;apos;, os.arch: &amp;apos;amd64&amp;apos;, os.version: &amp;apos;10.0&amp;apos;, java.version: &amp;apos;17.0.6&amp;apos;
Driver info: driver.version: ChromeDriver
remote stacktrace: Backtrace:
	(No symbol) [0x00A3DCE3]
	(No symbol) [0x009D39D1]
	(No symbol) [0x008E4DA8]
	(No symbol) [0x00904F6C]
	(No symbol) [0x00900D11]
	(No symbol) [0x008FED19]
	(No symbol) [0x009315AE]
	(No symbol) [0x0093129C]
	(No symbol) [0x0092ACC6]
	(No symbol) [0x00906F68]
	(No symbol) [0x009080CD]
	GetHandleVerifier [0x00CB3832+2506274]
	GetHandleVerifier [0x00CE9794+2727300]
	GetHandleVerifier [0x00CEE36C+2746716]
	GetHandleVerifier [0x00AE6690+617600]
	(No symbol) [0x009DC712]
	(No symbol) [0x009E1FF8]
	(No symbol) [0x009E20DB]
	(No symbol) [0x009EC63B]
	BaseThreadInitThunk [0x763A7D49+25]
	RtlInitializeExceptionChain [0x7730B74B+107]
	RtlClearBits [0x7730B6CF+191]
">
      <![CDATA[org.openqa.selenium.SessionNotCreatedException: session not created: This version of ChromeDriver only supports Chrome version 111
Current browser version is 113.0.5672.93 with binary path C:\Program Files\Google\Chrome\Application\chrome.exe
Build info: version: '4.0.0-alpha-6', revision: '5f43a29cfc'
System info: host: 'RAHUL', ip: '192.168.112.124', os.name: 'Windows 11', os.arch: 'amd64', os.version: '10.0', java.version: '17.0.6'
Driver info: driver.version: ChromeDriver
remote stacktrace: Backtrace:
(No symbol) [0x00A3DCE3]
(No symbol) [0x009D39D1]
(No symbol) [0x008E4DA8]
(No symbol) [0x00904F6C]
(No symbol) [0x00900D11]
(No symbol) [0x008FED19]
(No symbol) [0x009315AE]
(No symbol) [0x0093129C]
(No symbol) [0x0092ACC6]
(No symbol) [0x00906F68]
(No symbol) [0x009080CD]
GetHandleVerifier [0x00CB3832+2506274]
GetHandleVerifier [0x00CE9794+2727300]
GetHandleVerifier [0x00CEE36C+2746716]
GetHandleVerifier [0x00AE6690+617600]
(No symbol) [0x009DC712]
(No symbol) [0x009E1FF8]
(No symbol) [0x009E20DB]
(No symbol) [0x009EC63B]
BaseThreadInitThunk [0x763A7D49+25]
RtlInitializeExceptionChain [0x7730B74B+107]
RtlClearBits [0x7730B6CF+191]

at org.openqa.selenium.remote.W3CHandshakeResponse.lambda$errorHandler$0(W3CHandshakeResponse.java:62)
at org.openqa.selenium.remote.HandshakeResponse.lambda$getResponseFunction$0(HandshakeResponse.java:30)
at org.openqa.selenium.remote.ProtocolHandshake.lambda$createSession$1(ProtocolHandshake.java:126)
at java.base/java.util.stream.ReferencePipeline$3$1.accept(ReferencePipeline.java:197)
at java.base/java.util.Spliterators$ArraySpliterator.tryAdvance(Spliterators.java:1002)
at java.base/java.util.stream.ReferencePipeline.forEachWithCancel(ReferencePipeline.java:129)
at java.base/java.util.stream.AbstractPipeline.copyIntoWithCancel(AbstractPipeline.java:527)
at java.base/java.util.stream.AbstractPipeline.copyInto(AbstractPipeline.java:513)
at java.base/java.util.stream.AbstractPipeline.wrapAndCopyInto(AbstractPipeline.java:499)
at java.base/java.util.stream.FindOps$FindOp.evaluateSequential(FindOps.java:150)
at java.base/java.util.stream.AbstractPipeline.evaluate(AbstractPipeline.java:234)
at java.base/java.util.stream.ReferencePipeline.findFirst(ReferencePipeline.java:647)
at org.openqa.selenium.remote.ProtocolHandshake.createSession(ProtocolHandshake.java:128)
at org.openqa.selenium.remote.ProtocolHandshake.createSession(ProtocolHandshake.java:75)
at org.openqa.selenium.remote.HttpCommandExecutor.execute(HttpCommandExecutor.java:138)
at org.openqa.selenium.remote.service.DriverCommandExecutor.execute(DriverCommandExecutor.java:83)
at org.openqa.selenium.remote.RemoteWebDriver.execute(RemoteWebDriver.java:582)
at org.openqa.selenium.remote.RemoteWebDriver.startSession(RemoteWebDriver.java:216)
at org.openqa.selenium.remote.RemoteWebDriver.<init>(RemoteWebDriver.java:136)
at org.openqa.selenium.chromium.ChromiumDriver.<init>(ChromiumDriver.java:75)
at org.openqa.selenium.chrome.ChromeDriver.<init>(ChromeDriver.java:163)
at org.openqa.selenium.chrome.ChromeDriver.<init>(ChromeDriver.java:150)
at org.openqa.selenium.chrome.ChromeDriver.<init>(ChromeDriver.java:105)
at testng4.GroupintestNG2a.openWebTables(GroupintestNG2a.java:10)
at java.base/java.util.ArrayList.forEach(ArrayList.java:1511)
... Removed 32 stack frames]]>
    </failure>
  </testcase> <!-- openWebTables -->
  <testcase classname="testng4.GroupintestNG2a" name="openWindow" time="0.929">
    <failure type="org.openqa.selenium.SessionNotCreatedException" message="session not created: This version of ChromeDriver only supports Chrome version 111
Current browser version is 113.0.5672.93 with binary path C:\Program Files\Google\Chrome\Application\chrome.exe
Build info: version: &amp;apos;4.0.0-alpha-6&amp;apos;, revision: &amp;apos;5f43a29cfc&amp;apos;
System info: host: &amp;apos;RAHUL&amp;apos;, ip: &amp;apos;192.168.112.124&amp;apos;, os.name: &amp;apos;Windows 11&amp;apos;, os.arch: &amp;apos;amd64&amp;apos;, os.version: &amp;apos;10.0&amp;apos;, java.version: &amp;apos;17.0.6&amp;apos;
Driver info: driver.version: ChromeDriver
remote stacktrace: Backtrace:
	(No symbol) [0x00A3DCE3]
	(No symbol) [0x009D39D1]
	(No symbol) [0x008E4DA8]
	(No symbol) [0x00904F6C]
	(No symbol) [0x00900D11]
	(No symbol) [0x008FED19]
	(No symbol) [0x009315AE]
	(No symbol) [0x0093129C]
	(No symbol) [0x0092ACC6]
	(No symbol) [0x00906F68]
	(No symbol) [0x009080CD]
	GetHandleVerifier [0x00CB3832+2506274]
	GetHandleVerifier [0x00CE9794+2727300]
	GetHandleVerifier [0x00CEE36C+2746716]
	GetHandleVerifier [0x00AE6690+617600]
	(No symbol) [0x009DC712]
	(No symbol) [0x009E1FF8]
	(No symbol) [0x009E20DB]
	(No symbol) [0x009EC63B]
	BaseThreadInitThunk [0x763A7D49+25]
	RtlInitializeExceptionChain [0x7730B74B+107]
	RtlClearBits [0x7730B6CF+191]
">
      <![CDATA[org.openqa.selenium.SessionNotCreatedException: session not created: This version of ChromeDriver only supports Chrome version 111
Current browser version is 113.0.5672.93 with binary path C:\Program Files\Google\Chrome\Application\chrome.exe
Build info: version: '4.0.0-alpha-6', revision: '5f43a29cfc'
System info: host: 'RAHUL', ip: '192.168.112.124', os.name: 'Windows 11', os.arch: 'amd64', os.version: '10.0', java.version: '17.0.6'
Driver info: driver.version: ChromeDriver
remote stacktrace: Backtrace:
(No symbol) [0x00A3DCE3]
(No symbol) [0x009D39D1]
(No symbol) [0x008E4DA8]
(No symbol) [0x00904F6C]
(No symbol) [0x00900D11]
(No symbol) [0x008FED19]
(No symbol) [0x009315AE]
(No symbol) [0x0093129C]
(No symbol) [0x0092ACC6]
(No symbol) [0x00906F68]
(No symbol) [0x009080CD]
GetHandleVerifier [0x00CB3832+2506274]
GetHandleVerifier [0x00CE9794+2727300]
GetHandleVerifier [0x00CEE36C+2746716]
GetHandleVerifier [0x00AE6690+617600]
(No symbol) [0x009DC712]
(No symbol) [0x009E1FF8]
(No symbol) [0x009E20DB]
(No symbol) [0x009EC63B]
BaseThreadInitThunk [0x763A7D49+25]
RtlInitializeExceptionChain [0x7730B74B+107]
RtlClearBits [0x7730B6CF+191]

at org.openqa.selenium.remote.W3CHandshakeResponse.lambda$errorHandler$0(W3CHandshakeResponse.java:62)
at org.openqa.selenium.remote.HandshakeResponse.lambda$getResponseFunction$0(HandshakeResponse.java:30)
at org.openqa.selenium.remote.ProtocolHandshake.lambda$createSession$1(ProtocolHandshake.java:126)
at java.base/java.util.stream.ReferencePipeline$3$1.accept(ReferencePipeline.java:197)
at java.base/java.util.Spliterators$ArraySpliterator.tryAdvance(Spliterators.java:1002)
at java.base/java.util.stream.ReferencePipeline.forEachWithCancel(ReferencePipeline.java:129)
at java.base/java.util.stream.AbstractPipeline.copyIntoWithCancel(AbstractPipeline.java:527)
at java.base/java.util.stream.AbstractPipeline.copyInto(AbstractPipeline.java:513)
at java.base/java.util.stream.AbstractPipeline.wrapAndCopyInto(AbstractPipeline.java:499)
at java.base/java.util.stream.FindOps$FindOp.evaluateSequential(FindOps.java:150)
at java.base/java.util.stream.AbstractPipeline.evaluate(AbstractPipeline.java:234)
at java.base/java.util.stream.ReferencePipeline.findFirst(ReferencePipeline.java:647)
at org.openqa.selenium.remote.ProtocolHandshake.createSession(ProtocolHandshake.java:128)
at org.openqa.selenium.remote.ProtocolHandshake.createSession(ProtocolHandshake.java:75)
at org.openqa.selenium.remote.HttpCommandExecutor.execute(HttpCommandExecutor.java:138)
at org.openqa.selenium.remote.service.DriverCommandExecutor.execute(DriverCommandExecutor.java:83)
at org.openqa.selenium.remote.RemoteWebDriver.execute(RemoteWebDriver.java:582)
at org.openqa.selenium.remote.RemoteWebDriver.startSession(RemoteWebDriver.java:216)
at org.openqa.selenium.remote.RemoteWebDriver.<init>(RemoteWebDriver.java:136)
at org.openqa.selenium.chromium.ChromiumDriver.<init>(ChromiumDriver.java:75)
at org.openqa.selenium.chrome.ChromeDriver.<init>(ChromeDriver.java:163)
at org.openqa.selenium.chrome.ChromeDriver.<init>(ChromeDriver.java:150)
at org.openqa.selenium.chrome.ChromeDriver.<init>(ChromeDriver.java:105)
at testng4.GroupintestNG2a.openWindow(GroupintestNG2a.java:18)
at java.base/java.util.ArrayList.forEach(ArrayList.java:1511)
... Removed 32 stack frames]]>
    </failure>
  </testcase> <!-- openWindow -->
  <testcase classname="testng4.Annotations1" name="clickButton" time="0.003"/>
  <testcase classname="testng4.Annotations1" name="openBrowser" time="0.001"/>
  <testcase classname="testng4.GroupintestNG2" name="openAlert" time="0.994">
    <failure type="org.openqa.selenium.SessionNotCreatedException" message="session not created: This version of ChromeDriver only supports Chrome version 111
Current browser version is 113.0.5672.93 with binary path C:\Program Files\Google\Chrome\Application\chrome.exe
Build info: version: &amp;apos;4.0.0-alpha-6&amp;apos;, revision: &amp;apos;5f43a29cfc&amp;apos;
System info: host: &amp;apos;RAHUL&amp;apos;, ip: &amp;apos;192.168.112.124&amp;apos;, os.name: &amp;apos;Windows 11&amp;apos;, os.arch: &amp;apos;amd64&amp;apos;, os.version: &amp;apos;10.0&amp;apos;, java.version: &amp;apos;17.0.6&amp;apos;
Driver info: driver.version: ChromeDriver
remote stacktrace: Backtrace:
	(No symbol) [0x00A3DCE3]
	(No symbol) [0x009D39D1]
	(No symbol) [0x008E4DA8]
	(No symbol) [0x00904F6C]
	(No symbol) [0x00900D11]
	(No symbol) [0x008FED19]
	(No symbol) [0x009315AE]
	(No symbol) [0x0093129C]
	(No symbol) [0x0092ACC6]
	(No symbol) [0x00906F68]
	(No symbol) [0x009080CD]
	GetHandleVerifier [0x00CB3832+2506274]
	GetHandleVerifier [0x00CE9794+2727300]
	GetHandleVerifier [0x00CEE36C+2746716]
	GetHandleVerifier [0x00AE6690+617600]
	(No symbol) [0x009DC712]
	(No symbol) [0x009E1FF8]
	(No symbol) [0x009E20DB]
	(No symbol) [0x009EC63B]
	BaseThreadInitThunk [0x763A7D49+25]
	RtlInitializeExceptionChain [0x7730B74B+107]
	RtlClearBits [0x7730B6CF+191]
">
      <![CDATA[org.openqa.selenium.SessionNotCreatedException: session not created: This version of ChromeDriver only supports Chrome version 111
Current browser version is 113.0.5672.93 with binary path C:\Program Files\Google\Chrome\Application\chrome.exe
Build info: version: '4.0.0-alpha-6', revision: '5f43a29cfc'
System info: host: 'RAHUL', ip: '192.168.112.124', os.name: 'Windows 11', os.arch: 'amd64', os.version: '10.0', java.version: '17.0.6'
Driver info: driver.version: ChromeDriver
remote stacktrace: Backtrace:
(No symbol) [0x00A3DCE3]
(No symbol) [0x009D39D1]
(No symbol) [0x008E4DA8]
(No symbol) [0x00904F6C]
(No symbol) [0x00900D11]
(No symbol) [0x008FED19]
(No symbol) [0x009315AE]
(No symbol) [0x0093129C]
(No symbol) [0x0092ACC6]
(No symbol) [0x00906F68]
(No symbol) [0x009080CD]
GetHandleVerifier [0x00CB3832+2506274]
GetHandleVerifier [0x00CE9794+2727300]
GetHandleVerifier [0x00CEE36C+2746716]
GetHandleVerifier [0x00AE6690+617600]
(No symbol) [0x009DC712]
(No symbol) [0x009E1FF8]
(No symbol) [0x009E20DB]
(No symbol) [0x009EC63B]
BaseThreadInitThunk [0x763A7D49+25]
RtlInitializeExceptionChain [0x7730B74B+107]
RtlClearBits [0x7730B6CF+191]

at org.openqa.selenium.remote.W3CHandshakeResponse.lambda$errorHandler$0(W3CHandshakeResponse.java:62)
at org.openqa.selenium.remote.HandshakeResponse.lambda$getResponseFunction$0(HandshakeResponse.java:30)
at org.openqa.selenium.remote.ProtocolHandshake.lambda$createSession$1(ProtocolHandshake.java:126)
at java.base/java.util.stream.ReferencePipeline$3$1.accept(ReferencePipeline.java:197)
at java.base/java.util.Spliterators$ArraySpliterator.tryAdvance(Spliterators.java:1002)
at java.base/java.util.stream.ReferencePipeline.forEachWithCancel(ReferencePipeline.java:129)
at java.base/java.util.stream.AbstractPipeline.copyIntoWithCancel(AbstractPipeline.java:527)
at java.base/java.util.stream.AbstractPipeline.copyInto(AbstractPipeline.java:513)
at java.base/java.util.stream.AbstractPipeline.wrapAndCopyInto(AbstractPipeline.java:499)
at java.base/java.util.stream.FindOps$FindOp.evaluateSequential(FindOps.java:150)
at java.base/java.util.stream.AbstractPipeline.evaluate(AbstractPipeline.java:234)
at java.base/java.util.stream.ReferencePipeline.findFirst(ReferencePipeline.java:647)
at org.openqa.selenium.remote.ProtocolHandshake.createSession(ProtocolHandshake.java:128)
at org.openqa.selenium.remote.ProtocolHandshake.createSession(ProtocolHandshake.java:75)
at org.openqa.selenium.remote.HttpCommandExecutor.execute(HttpCommandExecutor.java:138)
at org.openqa.selenium.remote.service.DriverCommandExecutor.execute(DriverCommandExecutor.java:83)
at org.openqa.selenium.remote.RemoteWebDriver.execute(RemoteWebDriver.java:582)
at org.openqa.selenium.remote.RemoteWebDriver.startSession(RemoteWebDriver.java:216)
at org.openqa.selenium.remote.RemoteWebDriver.<init>(RemoteWebDriver.java:136)
at org.openqa.selenium.chromium.ChromiumDriver.<init>(ChromiumDriver.java:75)
at org.openqa.selenium.chrome.ChromeDriver.<init>(ChromeDriver.java:163)
at org.openqa.selenium.chrome.ChromeDriver.<init>(ChromeDriver.java:150)
at org.openqa.selenium.chrome.ChromeDriver.<init>(ChromeDriver.java:105)
at testng4.GroupintestNG2.openAlert(GroupintestNG2.java:18)
at java.base/java.util.ArrayList.forEach(ArrayList.java:1511)
... Removed 32 stack frames]]>
    </failure>
  </testcase> <!-- openAlert -->
  <testcase classname="testng4.GroupintestNG2" name="openAmazon" time="0.906">
    <failure type="org.openqa.selenium.SessionNotCreatedException" message="session not created: This version of ChromeDriver only supports Chrome version 111
Current browser version is 113.0.5672.93 with binary path C:\Program Files\Google\Chrome\Application\chrome.exe
Build info: version: &amp;apos;4.0.0-alpha-6&amp;apos;, revision: &amp;apos;5f43a29cfc&amp;apos;
System info: host: &amp;apos;RAHUL&amp;apos;, ip: &amp;apos;192.168.112.124&amp;apos;, os.name: &amp;apos;Windows 11&amp;apos;, os.arch: &amp;apos;amd64&amp;apos;, os.version: &amp;apos;10.0&amp;apos;, java.version: &amp;apos;17.0.6&amp;apos;
Driver info: driver.version: ChromeDriver
remote stacktrace: Backtrace:
	(No symbol) [0x00A3DCE3]
	(No symbol) [0x009D39D1]
	(No symbol) [0x008E4DA8]
	(No symbol) [0x00904F6C]
	(No symbol) [0x00900D11]
	(No symbol) [0x008FED19]
	(No symbol) [0x009315AE]
	(No symbol) [0x0093129C]
	(No symbol) [0x0092ACC6]
	(No symbol) [0x00906F68]
	(No symbol) [0x009080CD]
	GetHandleVerifier [0x00CB3832+2506274]
	GetHandleVerifier [0x00CE9794+2727300]
	GetHandleVerifier [0x00CEE36C+2746716]
	GetHandleVerifier [0x00AE6690+617600]
	(No symbol) [0x009DC712]
	(No symbol) [0x009E1FF8]
	(No symbol) [0x009E20DB]
	(No symbol) [0x009EC63B]
	BaseThreadInitThunk [0x763A7D49+25]
	RtlInitializeExceptionChain [0x7730B74B+107]
	RtlClearBits [0x7730B6CF+191]
">
      <![CDATA[org.openqa.selenium.SessionNotCreatedException: session not created: This version of ChromeDriver only supports Chrome version 111
Current browser version is 113.0.5672.93 with binary path C:\Program Files\Google\Chrome\Application\chrome.exe
Build info: version: '4.0.0-alpha-6', revision: '5f43a29cfc'
System info: host: 'RAHUL', ip: '192.168.112.124', os.name: 'Windows 11', os.arch: 'amd64', os.version: '10.0', java.version: '17.0.6'
Driver info: driver.version: ChromeDriver
remote stacktrace: Backtrace:
(No symbol) [0x00A3DCE3]
(No symbol) [0x009D39D1]
(No symbol) [0x008E4DA8]
(No symbol) [0x00904F6C]
(No symbol) [0x00900D11]
(No symbol) [0x008FED19]
(No symbol) [0x009315AE]
(No symbol) [0x0093129C]
(No symbol) [0x0092ACC6]
(No symbol) [0x00906F68]
(No symbol) [0x009080CD]
GetHandleVerifier [0x00CB3832+2506274]
GetHandleVerifier [0x00CE9794+2727300]
GetHandleVerifier [0x00CEE36C+2746716]
GetHandleVerifier [0x00AE6690+617600]
(No symbol) [0x009DC712]
(No symbol) [0x009E1FF8]
(No symbol) [0x009E20DB]
(No symbol) [0x009EC63B]
BaseThreadInitThunk [0x763A7D49+25]
RtlInitializeExceptionChain [0x7730B74B+107]
RtlClearBits [0x7730B6CF+191]

at org.openqa.selenium.remote.W3CHandshakeResponse.lambda$errorHandler$0(W3CHandshakeResponse.java:62)
at org.openqa.selenium.remote.HandshakeResponse.lambda$getResponseFunction$0(HandshakeResponse.java:30)
at org.openqa.selenium.remote.ProtocolHandshake.lambda$createSession$1(ProtocolHandshake.java:126)
at java.base/java.util.stream.ReferencePipeline$3$1.accept(ReferencePipeline.java:197)
at java.base/java.util.Spliterators$ArraySpliterator.tryAdvance(Spliterators.java:1002)
at java.base/java.util.stream.ReferencePipeline.forEachWithCancel(ReferencePipeline.java:129)
at java.base/java.util.stream.AbstractPipeline.copyIntoWithCancel(AbstractPipeline.java:527)
at java.base/java.util.stream.AbstractPipeline.copyInto(AbstractPipeline.java:513)
at java.base/java.util.stream.AbstractPipeline.wrapAndCopyInto(AbstractPipeline.java:499)
at java.base/java.util.stream.FindOps$FindOp.evaluateSequential(FindOps.java:150)
at java.base/java.util.stream.AbstractPipeline.evaluate(AbstractPipeline.java:234)
at java.base/java.util.stream.ReferencePipeline.findFirst(ReferencePipeline.java:647)
at org.openqa.selenium.remote.ProtocolHandshake.createSession(ProtocolHandshake.java:128)
at org.openqa.selenium.remote.ProtocolHandshake.createSession(ProtocolHandshake.java:75)
at org.openqa.selenium.remote.HttpCommandExecutor.execute(HttpCommandExecutor.java:138)
at org.openqa.selenium.remote.service.DriverCommandExecutor.execute(DriverCommandExecutor.java:83)
at org.openqa.selenium.remote.RemoteWebDriver.execute(RemoteWebDriver.java:582)
at org.openqa.selenium.remote.RemoteWebDriver.startSession(RemoteWebDriver.java:216)
at org.openqa.selenium.remote.RemoteWebDriver.<init>(RemoteWebDriver.java:136)
at org.openqa.selenium.chromium.ChromiumDriver.<init>(ChromiumDriver.java:75)
at org.openqa.selenium.chrome.ChromeDriver.<init>(ChromeDriver.java:163)
at org.openqa.selenium.chrome.ChromeDriver.<init>(ChromeDriver.java:150)
at org.openqa.selenium.chrome.ChromeDriver.<init>(ChromeDriver.java:105)
at testng4.GroupintestNG2.openAmazon(GroupintestNG2.java:10)
at java.base/java.util.ArrayList.forEach(ArrayList.java:1511)
... Removed 32 stack frames]]>
    </failure>
  </testcase> <!-- openAmazon -->
</testsuite> <!-- Test -->
